<?xml version="1.0" encoding="UTF-8"?>
<testsuite name="nl.tudelft.jpacman.level.PlayerTest" tests="1" skipped="0" failures="0" errors="0" timestamp="2020-04-10T19:36:42" hostname="maxime-OptiPlex-9020M" time="4.451">
  <properties/>
  <testcase name="testIsAlive()" classname="nl.tudelft.jpacman.level.PlayerTest" time="4.451"/>
  <system-out><![CDATA[]]></system-out>
  <system-err><![CDATA[]]></system-err>
</testsuite>
