<?xml version="1.0" encoding="UTF-8"?>
<testsuite name="nl.tudelft.jpacman.board.BoardTest" tests="5" skipped="0" failures="0" errors="0" timestamp="2020-04-10T16:45:22" hostname="maxime-OptiPlex-9020M" time="0.095">
  <properties/>
  <testcase name="verifyWidth()" classname="nl.tudelft.jpacman.board.BoardTest" time="0.0"/>
  <testcase name="verifyHeight()" classname="nl.tudelft.jpacman.board.BoardTest" time="0.001"/>
  <testcase name="testSquareAt(int, int)[1]" classname="nl.tudelft.jpacman.board.BoardTest" time="0.025"/>
  <testcase name="testSquareAt(int, int)[2]" classname="nl.tudelft.jpacman.board.BoardTest" time="0.001"/>
  <testcase name="testSquareAt(int, int)[3]" classname="nl.tudelft.jpacman.board.BoardTest" time="0.001"/>
  <system-out><![CDATA[]]></system-out>
  <system-err><![CDATA[]]></system-err>
</testsuite>
