<?xml version="1.0" encoding="UTF-8"?>
<testsuite name="nl.tudelft.jpacman.integration.StartupSystemTest" tests="1" skipped="0" failures="0" errors="0" timestamp="2020-04-10T16:45:21" hostname="maxime-OptiPlex-9020M" time="0.053">
  <properties/>
  <testcase name="gameIsRunning()" classname="nl.tudelft.jpacman.integration.StartupSystemTest" time="0.053"/>
  <system-out><![CDATA[]]></system-out>
  <system-err><![CDATA[]]></system-err>
</testsuite>
